[DEBUG][21-09-03][org.apache.ibatis.logging.LogFactory]Logging initialized using 'class org.apache.ibatis.logging.log4j.Log4jImpl' adapter.
[DEBUG][21-09-03][org.apache.ibatis.datasource.pooled.PooledDataSource]PooledDataSource forcefully closed/removed all connections.
[DEBUG][21-09-03][org.apache.ibatis.datasource.pooled.PooledDataSource]PooledDataSource forcefully closed/removed all connections.
[DEBUG][21-09-03][org.apache.ibatis.datasource.pooled.PooledDataSource]PooledDataSource forcefully closed/removed all connections.
[DEBUG][21-09-03][org.apache.ibatis.datasource.pooled.PooledDataSource]PooledDataSource forcefully closed/removed all connections.
[DEBUG][21-09-03][org.apache.ibatis.transaction.jdbc.JdbcTransaction]Opening JDBC Connection
[DEBUG][21-09-03][org.apache.ibatis.datasource.pooled.PooledDataSource]Created connection 1112414583.
[DEBUG][21-09-03][org.apache.ibatis.transaction.jdbc.JdbcTransaction]Setting autocommit to false on JDBC Connection [com.mysql.cj.jdbc.ConnectionImpl@424e1977]
[DEBUG][21-09-03][com.kuang.dao.UserMapper.getAllUser]==>  Preparing: select * from user 
[DEBUG][21-09-03][com.kuang.dao.UserMapper.getAllUser]==> Parameters: 
[DEBUG][21-09-03][com.kuang.dao.UserMapper.getAllUser]<==      Total: 4
[DEBUG][21-09-03][org.apache.ibatis.transaction.jdbc.JdbcTransaction]Resetting autocommit to true on JDBC Connection [com.mysql.cj.jdbc.ConnectionImpl@424e1977]
[DEBUG][21-09-03][org.apache.ibatis.transaction.jdbc.JdbcTransaction]Closing JDBC Connection [com.mysql.cj.jdbc.ConnectionImpl@424e1977]
[DEBUG][21-09-03][org.apache.ibatis.datasource.pooled.PooledDataSource]Returned connection 1112414583 to pool.
[DEBUG][21-09-18][org.apache.ibatis.logging.LogFactory]Logging initialized using 'class org.apache.ibatis.logging.log4j.Log4jImpl' adapter.
[DEBUG][21-09-18][org.apache.ibatis.logging.LogFactory]Logging initialized using 'class org.apache.ibatis.logging.log4j.Log4jImpl' adapter.
[DEBUG][21-09-18][org.apache.ibatis.datasource.pooled.PooledDataSource]PooledDataSource forcefully closed/removed all connections.
[DEBUG][21-09-18][org.apache.ibatis.datasource.pooled.PooledDataSource]PooledDataSource forcefully closed/removed all connections.
[DEBUG][21-09-18][org.apache.ibatis.datasource.pooled.PooledDataSource]PooledDataSource forcefully closed/removed all connections.
[DEBUG][21-09-18][org.apache.ibatis.datasource.pooled.PooledDataSource]PooledDataSource forcefully closed/removed all connections.
[DEBUG][21-09-18][org.apache.ibatis.transaction.jdbc.JdbcTransaction]Opening JDBC Connection
[DEBUG][21-09-18][org.apache.ibatis.datasource.pooled.PooledDataSource]Created connection 396883763.
[DEBUG][21-09-18][org.apache.ibatis.transaction.jdbc.JdbcTransaction]Setting autocommit to false on JDBC Connection [com.mysql.cj.jdbc.ConnectionImpl@17a7f733]
[DEBUG][21-09-18][com.kuang.dao.UserMapper.getAllUser]==>  Preparing: select * from user 
[DEBUG][21-09-18][com.kuang.dao.UserMapper.getAllUser]==> Parameters: 
[DEBUG][21-09-18][com.kuang.dao.UserMapper.getAllUser]<==      Total: 4
[DEBUG][21-09-18][org.apache.ibatis.transaction.jdbc.JdbcTransaction]Resetting autocommit to true on JDBC Connection [com.mysql.cj.jdbc.ConnectionImpl@17a7f733]
[DEBUG][21-09-18][org.apache.ibatis.transaction.jdbc.JdbcTransaction]Closing JDBC Connection [com.mysql.cj.jdbc.ConnectionImpl@17a7f733]
[DEBUG][21-09-18][org.apache.ibatis.datasource.pooled.PooledDataSource]Returned connection 396883763 to pool.
